[0.036s] Invoking command in '/home/user/ros2_ws/build/my_cpp_pkg': CMAKE_PREFIX_PATH=${CMAKE_PREFIX_PATH}:/home/user/ros2_ws/install/my_py_pkg:/opt/ros/jazzy /usr/bin/cmake --build /home/user/ros2_ws/build/my_cpp_pkg -- -j8 -l8
[0.273s] [100%] Built target smartphone
[0.273s] [100%] Built target cpp_node
[0.273s] [100%] Built target robot_news_station
[0.282s] Invoked command in '/home/user/ros2_ws/build/my_cpp_pkg' returned '0': CMAKE_PREFIX_PATH=${CMAKE_PREFIX_PATH}:/home/user/ros2_ws/install/my_py_pkg:/opt/ros/jazzy /usr/bin/cmake --build /home/user/ros2_ws/build/my_cpp_pkg -- -j8 -l8
[0.292s] Invoking command in '/home/user/ros2_ws/build/my_cpp_pkg': CMAKE_PREFIX_PATH=${CMAKE_PREFIX_PATH}:/home/user/ros2_ws/install/my_py_pkg:/opt/ros/jazzy /usr/bin/cmake --install /home/user/ros2_ws/build/my_cpp_pkg
[0.301s] -- Install configuration: ""
[0.307s] -- Up-to-date: /home/user/ros2_ws/install/my_cpp_pkg/lib/my_cpp_pkg/cpp_node
[0.307s] -- Up-to-date: /home/user/ros2_ws/install/my_cpp_pkg/lib/my_cpp_pkg/robot_news_station
[0.308s] -- Up-to-date: /home/user/ros2_ws/install/my_cpp_pkg/lib/my_cpp_pkg/smartphone
[0.308s] -- Up-to-date: /home/user/ros2_ws/install/my_cpp_pkg/share/ament_index/resource_index/package_run_dependencies/my_cpp_pkg
[0.308s] -- Up-to-date: /home/user/ros2_ws/install/my_cpp_pkg/share/ament_index/resource_index/parent_prefix_path/my_cpp_pkg
[0.309s] -- Up-to-date: /home/user/ros2_ws/install/my_cpp_pkg/share/my_cpp_pkg/environment/ament_prefix_path.sh
[0.309s] -- Up-to-date: /home/user/ros2_ws/install/my_cpp_pkg/share/my_cpp_pkg/environment/ament_prefix_path.dsv
[0.309s] -- Up-to-date: /home/user/ros2_ws/install/my_cpp_pkg/share/my_cpp_pkg/environment/path.sh
[0.309s] -- Up-to-date: /home/user/ros2_ws/install/my_cpp_pkg/share/my_cpp_pkg/environment/path.dsv
[0.309s] -- Up-to-date: /home/user/ros2_ws/install/my_cpp_pkg/share/my_cpp_pkg/local_setup.bash
[0.310s] -- Up-to-date: /home/user/ros2_ws/install/my_cpp_pkg/share/my_cpp_pkg/local_setup.sh
[0.310s] -- Up-to-date: /home/user/ros2_ws/install/my_cpp_pkg/share/my_cpp_pkg/local_setup.zsh
[0.310s] -- Up-to-date: /home/user/ros2_ws/install/my_cpp_pkg/share/my_cpp_pkg/local_setup.dsv
[0.310s] -- Installing: /home/user/ros2_ws/install/my_cpp_pkg/share/my_cpp_pkg/package.dsv
[0.310s] -- Up-to-date: /home/user/ros2_ws/install/my_cpp_pkg/share/ament_index/resource_index/packages/my_cpp_pkg
[0.311s] -- Up-to-date: /home/user/ros2_ws/install/my_cpp_pkg/share/my_cpp_pkg/cmake/my_cpp_pkgConfig.cmake
[0.311s] -- Up-to-date: /home/user/ros2_ws/install/my_cpp_pkg/share/my_cpp_pkg/cmake/my_cpp_pkgConfig-version.cmake
[0.311s] -- Up-to-date: /home/user/ros2_ws/install/my_cpp_pkg/share/my_cpp_pkg/package.xml
[0.313s] Invoked command in '/home/user/ros2_ws/build/my_cpp_pkg' returned '0': CMAKE_PREFIX_PATH=${CMAKE_PREFIX_PATH}:/home/user/ros2_ws/install/my_py_pkg:/opt/ros/jazzy /usr/bin/cmake --install /home/user/ros2_ws/build/my_cpp_pkg
