[0.767s] Invoking command in '/home/user/ros2_ws/src/my_py_pkg': PYTHONPATH=/home/user/ros2_ws/build/my_py_pkg/prefix_override:/usr/lib/python3/dist-packages/colcon_core/task/python/colcon_distutils_commands:/home/user/ros2_ws/install/my_py_pkg/lib/python3.12/site-packages:${PYTHONPATH} /usr/bin/python3 -W ignore:setup.py install is deprecated -W ignore:easy_install command is deprecated setup.py egg_info --egg-base ../../build/my_py_pkg build --build-base /home/user/ros2_ws/build/my_py_pkg/build install --record /home/user/ros2_ws/build/my_py_pkg/install.log --single-version-externally-managed install_data
[0.987s] running egg_info
[1.005s] writing ../../build/my_py_pkg/my_py_pkg.egg-info/PKG-INFO
[1.006s] writing dependency_links to ../../build/my_py_pkg/my_py_pkg.egg-info/dependency_links.txt
[1.006s] writing entry points to ../../build/my_py_pkg/my_py_pkg.egg-info/entry_points.txt
[1.007s] writing requirements to ../../build/my_py_pkg/my_py_pkg.egg-info/requires.txt
[1.007s] writing top-level names to ../../build/my_py_pkg/my_py_pkg.egg-info/top_level.txt
[1.034s] reading manifest file '../../build/my_py_pkg/my_py_pkg.egg-info/SOURCES.txt'
[1.035s] writing manifest file '../../build/my_py_pkg/my_py_pkg.egg-info/SOURCES.txt'
[1.035s] running build
[1.035s] running build_py
[1.036s] copying my_py_pkg/number_counter.py -> /home/user/ros2_ws/build/my_py_pkg/build/lib/my_py_pkg
[1.036s] running install
[1.044s] running install_lib
[1.060s] copying /home/user/ros2_ws/build/my_py_pkg/build/lib/my_py_pkg/number_counter.py -> /home/user/ros2_ws/install/my_py_pkg/lib/python3.12/site-packages/my_py_pkg
[1.060s] byte-compiling /home/user/ros2_ws/install/my_py_pkg/lib/python3.12/site-packages/my_py_pkg/number_counter.py to number_counter.cpython-312.pyc
[1.061s] running install_data
[1.062s] running install_egg_info
[1.080s] removing '/home/user/ros2_ws/install/my_py_pkg/lib/python3.12/site-packages/my_py_pkg-0.0.0-py3.12.egg-info' (and everything under it)
[1.081s] Copying ../../build/my_py_pkg/my_py_pkg.egg-info to /home/user/ros2_ws/install/my_py_pkg/lib/python3.12/site-packages/my_py_pkg-0.0.0-py3.12.egg-info
[1.082s] running install_scripts
[1.200s] Installing number_counter script to /home/user/ros2_ws/install/my_py_pkg/lib/my_py_pkg
[1.200s] Installing number_publisher script to /home/user/ros2_ws/install/my_py_pkg/lib/my_py_pkg
[1.201s] Installing py_node script to /home/user/ros2_ws/install/my_py_pkg/lib/my_py_pkg
[1.201s] Installing robot_news_station script to /home/user/ros2_ws/install/my_py_pkg/lib/my_py_pkg
[1.201s] Installing smartphone script to /home/user/ros2_ws/install/my_py_pkg/lib/my_py_pkg
[1.201s] writing list of installed files to '/home/user/ros2_ws/build/my_py_pkg/install.log'
[1.237s] Invoked command in '/home/user/ros2_ws/src/my_py_pkg' returned '0': PYTHONPATH=/home/user/ros2_ws/build/my_py_pkg/prefix_override:/usr/lib/python3/dist-packages/colcon_core/task/python/colcon_distutils_commands:/home/user/ros2_ws/install/my_py_pkg/lib/python3.12/site-packages:${PYTHONPATH} /usr/bin/python3 -W ignore:setup.py install is deprecated -W ignore:easy_install command is deprecated setup.py egg_info --egg-base ../../build/my_py_pkg build --build-base /home/user/ros2_ws/build/my_py_pkg/build install --record /home/user/ros2_ws/build/my_py_pkg/install.log --single-version-externally-managed install_data
