[0.014s] Invoking command in '/home/user/ros2_ws/build/my_cpp_pkg': CMAKE_PREFIX_PATH=${CMAKE_PREFIX_PATH}:/home/user/ros2_ws/install/my_py_pkg:/opt/ros/jazzy /usr/bin/cmake --build /home/user/ros2_ws/build/my_cpp_pkg -- -j8 -l8
[0.043s] -- Found ament_cmake: 2.5.4 (/opt/ros/jazzy/share/ament_cmake/cmake)
[0.286s] -- Found rclcpp: 28.1.11 (/opt/ros/jazzy/share/rclcpp/cmake)
[0.576s] -- Found rosidl_generator_c: 4.6.6 (/opt/ros/jazzy/share/rosidl_generator_c/cmake)
[0.584s] -- Found rosidl_generator_cpp: 4.6.6 (/opt/ros/jazzy/share/rosidl_generator_cpp/cmake)
[0.595s] -- Using all available rosidl_typesupport_c: rosidl_typesupport_fastrtps_c;rosidl_typesupport_introspection_c
[0.610s] -- Using all available rosidl_typesupport_cpp: rosidl_typesupport_fastrtps_cpp;rosidl_typesupport_introspection_cpp
[0.665s] -- Found rmw_implementation_cmake: 7.3.2 (/opt/ros/jazzy/share/rmw_implementation_cmake/cmake)
[0.666s] -- Found rmw_fastrtps_cpp: 8.4.3 (/opt/ros/jazzy/share/rmw_fastrtps_cpp/cmake)
[1.110s] -- Using RMW implementation 'rmw_fastrtps_cpp' as default
[1.422s] -- Found example_interfaces: 0.12.0 (/opt/ros/jazzy/share/example_interfaces/cmake)
[1.577s] -- Configuring done (1.5s)
[1.646s] -- Generating done (0.0s)
[1.663s] -- Build files have been written to: /home/user/ros2_ws/build/my_cpp_pkg
[1.707s] [ 12%] [32mBuilding CXX object CMakeFiles/add_two_ints_server.dir/src/add_two_ints_server.cpp.o[0m
[1.722s] [ 87%] Built target robot_news_station
[1.722s] [ 87%] Built target smartphone
[1.722s] [ 87%] Built target cpp_node
[4.827s] [01m[K/home/user/ros2_ws/src/my_cpp_pkg/src/add_two_ints_server.cpp:[m[K In constructor ‘[01m[KAddTwoIntsServerNode::[01;32m[KAddTwoIntsServerNode[m[K()[m[K’:
[4.828s] [01m[K/home/user/ros2_ws/src/my_cpp_pkg/src/add_two_ints_server.cpp:11:5:[m[K [01;31m[Kerror: [m[K‘[01m[Kserver[m[K’ was not declared in this scope; did you mean ‘[01m[Kservice_[m[K’?
[4.828s]    11 |     [01;31m[Kserver[m[K = this->create_service<example_interfaces::srv::AddTwoInts>(
[4.828s]       |     [01;31m[K^~~~~~[m[K
[4.828s]       |     [32m[Kservice_[m[K
[5.858s] gmake[2]: *** [CMakeFiles/add_two_ints_server.dir/build.make:76: CMakeFiles/add_two_ints_server.dir/src/add_two_ints_server.cpp.o] Error 1
[5.859s] gmake[1]: *** [CMakeFiles/Makefile2:221: CMakeFiles/add_two_ints_server.dir/all] Error 2
[5.859s] gmake: *** [Makefile:146: all] Error 2
[5.861s] Invoked command in '/home/user/ros2_ws/build/my_cpp_pkg' returned '2': CMAKE_PREFIX_PATH=${CMAKE_PREFIX_PATH}:/home/user/ros2_ws/install/my_py_pkg:/opt/ros/jazzy /usr/bin/cmake --build /home/user/ros2_ws/build/my_cpp_pkg -- -j8 -l8
