[0.762s] Invoking command in '/home/user/ros2_ws/src/my_py_pkg': PYTHONPATH=/home/user/ros2_ws/build/my_py_pkg/prefix_override:/usr/lib/python3/dist-packages/colcon_core/task/python/colcon_distutils_commands:/home/user/ros2_ws/install/my_py_pkg/lib/python3.12/site-packages:${PYTHONPATH} /usr/bin/python3 -W ignore:setup.py install is deprecated -W ignore:easy_install command is deprecated setup.py egg_info --egg-base ../../build/my_py_pkg build --build-base /home/user/ros2_ws/build/my_py_pkg/build install --record /home/user/ros2_ws/build/my_py_pkg/install.log --single-version-externally-managed install_data
[1.053s] running egg_info
[1.054s] creating ../../build/my_py_pkg/my_py_pkg.egg-info
[1.075s] writing ../../build/my_py_pkg/my_py_pkg.egg-info/PKG-INFO
[1.075s] writing dependency_links to ../../build/my_py_pkg/my_py_pkg.egg-info/dependency_links.txt
[1.075s] writing requirements to ../../build/my_py_pkg/my_py_pkg.egg-info/requires.txt
[1.075s] writing top-level names to ../../build/my_py_pkg/my_py_pkg.egg-info/top_level.txt
[1.076s] writing manifest file '../../build/my_py_pkg/my_py_pkg.egg-info/SOURCES.txt'
[1.110s] reading manifest file '../../build/my_py_pkg/my_py_pkg.egg-info/SOURCES.txt'
[1.110s] writing manifest file '../../build/my_py_pkg/my_py_pkg.egg-info/SOURCES.txt'
[1.110s] running build
[1.111s] running build_py
[1.111s] creating /home/user/ros2_ws/build/my_py_pkg/build
[1.111s] creating /home/user/ros2_ws/build/my_py_pkg/build/lib
[1.111s] creating /home/user/ros2_ws/build/my_py_pkg/build/lib/my_py_pkg
[1.112s] copying my_py_pkg/__init__.py -> /home/user/ros2_ws/build/my_py_pkg/build/lib/my_py_pkg
[1.112s] running install
[1.119s] running install_lib
[1.137s] creating /home/user/ros2_ws/install/my_py_pkg/lib/python3.12/site-packages/my_py_pkg
[1.137s] copying /home/user/ros2_ws/build/my_py_pkg/build/lib/my_py_pkg/__init__.py -> /home/user/ros2_ws/install/my_py_pkg/lib/python3.12/site-packages/my_py_pkg
[1.138s] byte-compiling /home/user/ros2_ws/install/my_py_pkg/lib/python3.12/site-packages/my_py_pkg/__init__.py to __init__.cpython-312.pyc
[1.138s] running install_data
[1.138s] creating /home/user/ros2_ws/install/my_py_pkg/share/ament_index
[1.139s] creating /home/user/ros2_ws/install/my_py_pkg/share/ament_index/resource_index
[1.139s] creating /home/user/ros2_ws/install/my_py_pkg/share/ament_index/resource_index/packages
[1.139s] copying resource/my_py_pkg -> /home/user/ros2_ws/install/my_py_pkg/share/ament_index/resource_index/packages
[1.139s] copying package.xml -> /home/user/ros2_ws/install/my_py_pkg/share/my_py_pkg
[1.140s] running install_egg_info
[1.159s] Copying ../../build/my_py_pkg/my_py_pkg.egg-info to /home/user/ros2_ws/install/my_py_pkg/lib/python3.12/site-packages/my_py_pkg-0.0.0-py3.12.egg-info
[1.159s] running install_scripts
[1.272s] writing list of installed files to '/home/user/ros2_ws/build/my_py_pkg/install.log'
[1.308s] Invoked command in '/home/user/ros2_ws/src/my_py_pkg' returned '0': PYTHONPATH=/home/user/ros2_ws/build/my_py_pkg/prefix_override:/usr/lib/python3/dist-packages/colcon_core/task/python/colcon_distutils_commands:/home/user/ros2_ws/install/my_py_pkg/lib/python3.12/site-packages:${PYTHONPATH} /usr/bin/python3 -W ignore:setup.py install is deprecated -W ignore:easy_install command is deprecated setup.py egg_info --egg-base ../../build/my_py_pkg build --build-base /home/user/ros2_ws/build/my_py_pkg/build install --record /home/user/ros2_ws/build/my_py_pkg/install.log --single-version-externally-managed install_data
