[0.011s] Invoking command in '/home/user/ros2_ws/build/my_cpp_pkg': CMAKE_PREFIX_PATH=${CMAKE_PREFIX_PATH}:/home/user/ros2_ws/install/my_py_pkg:/opt/ros/jazzy /usr/bin/cmake --build /home/user/ros2_ws/build/my_cpp_pkg -- -j8 -l8
[0.071s] [ 50%] Built target smartphone
[0.072s] [ 50%] Built target robot_news_station
[0.072s] [ 75%] Built target cpp_node
[0.079s] [ 87%] [32mBuilding CXX object CMakeFiles/add_two_ints_server.dir/src/add_two_ints_server.cpp.o[0m
[4.008s] [100%] [32m[1mLinking CXX executable add_two_ints_server[0m
[4.451s] [100%] Built target add_two_ints_server
[4.460s] Invoked command in '/home/user/ros2_ws/build/my_cpp_pkg' returned '0': CMAKE_PREFIX_PATH=${CMAKE_PREFIX_PATH}:/home/user/ros2_ws/install/my_py_pkg:/opt/ros/jazzy /usr/bin/cmake --build /home/user/ros2_ws/build/my_cpp_pkg -- -j8 -l8
[4.470s] Invoking command in '/home/user/ros2_ws/build/my_cpp_pkg': CMAKE_PREFIX_PATH=${CMAKE_PREFIX_PATH}:/home/user/ros2_ws/install/my_py_pkg:/opt/ros/jazzy /usr/bin/cmake --install /home/user/ros2_ws/build/my_cpp_pkg
[4.476s] -- Install configuration: ""
[4.479s] -- Up-to-date: /home/user/ros2_ws/install/my_cpp_pkg/lib/my_cpp_pkg/cpp_node
[4.481s] -- Up-to-date: /home/user/ros2_ws/install/my_cpp_pkg/lib/my_cpp_pkg/robot_news_station
[4.482s] -- Up-to-date: /home/user/ros2_ws/install/my_cpp_pkg/lib/my_cpp_pkg/smartphone
[4.483s] -- Installing: /home/user/ros2_ws/install/my_cpp_pkg/lib/my_cpp_pkg/add_two_ints_server
[4.484s] -- Set non-toolchain portion of runtime path of "/home/user/ros2_ws/install/my_cpp_pkg/lib/my_cpp_pkg/add_two_ints_server" to ""
[4.484s] -- Up-to-date: /home/user/ros2_ws/install/my_cpp_pkg/share/ament_index/resource_index/package_run_dependencies/my_cpp_pkg
[4.484s] -- Installing: /home/user/ros2_ws/install/my_cpp_pkg/share/ament_index/resource_index/parent_prefix_path/my_cpp_pkg
[4.485s] -- Up-to-date: /home/user/ros2_ws/install/my_cpp_pkg/share/my_cpp_pkg/environment/ament_prefix_path.sh
[4.485s] -- Up-to-date: /home/user/ros2_ws/install/my_cpp_pkg/share/my_cpp_pkg/environment/ament_prefix_path.dsv
[4.485s] -- Up-to-date: /home/user/ros2_ws/install/my_cpp_pkg/share/my_cpp_pkg/environment/path.sh
[4.485s] -- Up-to-date: /home/user/ros2_ws/install/my_cpp_pkg/share/my_cpp_pkg/environment/path.dsv
[4.486s] -- Up-to-date: /home/user/ros2_ws/install/my_cpp_pkg/share/my_cpp_pkg/local_setup.bash
[4.486s] -- Up-to-date: /home/user/ros2_ws/install/my_cpp_pkg/share/my_cpp_pkg/local_setup.sh
[4.486s] -- Up-to-date: /home/user/ros2_ws/install/my_cpp_pkg/share/my_cpp_pkg/local_setup.zsh
[4.486s] -- Up-to-date: /home/user/ros2_ws/install/my_cpp_pkg/share/my_cpp_pkg/local_setup.dsv
[4.486s] -- Installing: /home/user/ros2_ws/install/my_cpp_pkg/share/my_cpp_pkg/package.dsv
[4.487s] -- Up-to-date: /home/user/ros2_ws/install/my_cpp_pkg/share/ament_index/resource_index/packages/my_cpp_pkg
[4.487s] -- Up-to-date: /home/user/ros2_ws/install/my_cpp_pkg/share/my_cpp_pkg/cmake/my_cpp_pkgConfig.cmake
[4.487s] -- Up-to-date: /home/user/ros2_ws/install/my_cpp_pkg/share/my_cpp_pkg/cmake/my_cpp_pkgConfig-version.cmake
[4.487s] -- Up-to-date: /home/user/ros2_ws/install/my_cpp_pkg/share/my_cpp_pkg/package.xml
[4.489s] Invoked command in '/home/user/ros2_ws/build/my_cpp_pkg' returned '0': CMAKE_PREFIX_PATH=${CMAKE_PREFIX_PATH}:/home/user/ros2_ws/install/my_py_pkg:/opt/ros/jazzy /usr/bin/cmake --install /home/user/ros2_ws/build/my_cpp_pkg
