[0.017s] Invoking command in '/home/user/ros2_ws/build/my_cpp_pkg': CMAKE_PREFIX_PATH=${CMAKE_PREFIX_PATH}:/home/user/ros2_ws/install/my_py_pkg:/opt/ros/jazzy /usr/bin/cmake /home/user/ros2_ws/src/my_cpp_pkg -DCMAKE_INSTALL_PREFIX=/home/user/ros2_ws/install/my_cpp_pkg
[0.270s] -- The C compiler identification is GNU 13.3.0
[1.339s] -- The CXX compiler identification is GNU 13.3.0
[2.438s] -- Detecting C compiler ABI info
[2.883s] -- Detecting C compiler ABI info - done
[2.891s] -- Check for working C compiler: /usr/bin/cc - skipped
[2.891s] -- Detecting C compile features
[2.891s] -- Detecting C compile features - done
[3.088s] -- Detecting CXX compiler ABI info
[3.572s] -- Detecting CXX compiler ABI info - done
[3.579s] -- Check for working CXX compiler: /usr/bin/c++ - skipped
[3.580s] -- Detecting CXX compile features
[3.580s] -- Detecting CXX compile features - done
[3.582s] -- Found ament_cmake: 2.5.4 (/opt/ros/jazzy/share/ament_cmake/cmake)
[3.701s] -- Found Python3: /usr/bin/python3 (found version "3.12.3") found components: Interpreter 
[3.788s] -- Found rclcpp: 28.1.11 (/opt/ros/jazzy/share/rclcpp/cmake)
[4.048s] -- Found rosidl_generator_c: 4.6.6 (/opt/ros/jazzy/share/rosidl_generator_c/cmake)
[4.057s] -- Found rosidl_generator_cpp: 4.6.6 (/opt/ros/jazzy/share/rosidl_generator_cpp/cmake)
[4.067s] -- Using all available rosidl_typesupport_c: rosidl_typesupport_fastrtps_c;rosidl_typesupport_introspection_c
[4.081s] -- Using all available rosidl_typesupport_cpp: rosidl_typesupport_fastrtps_cpp;rosidl_typesupport_introspection_cpp
[4.141s] -- Found rmw_implementation_cmake: 7.3.2 (/opt/ros/jazzy/share/rmw_implementation_cmake/cmake)
[4.143s] -- Found rmw_fastrtps_cpp: 8.4.3 (/opt/ros/jazzy/share/rmw_fastrtps_cpp/cmake)
[4.204s] -- Found OpenSSL: /usr/lib/x86_64-linux-gnu/libcrypto.so (found version "3.0.13")  
[4.522s] -- Found FastRTPS: /opt/ros/jazzy/include (Required is at least version "2.13") 
[4.692s] -- Using RMW implementation 'rmw_fastrtps_cpp' as default
[4.972s] -- Found ament_lint_auto: 0.17.3 (/opt/ros/jazzy/share/ament_lint_auto/cmake)
[5.073s] -- Added test 'lint_cmake' to check CMake code style
[5.074s] -- Added test 'xmllint' to check XML markup files
[5.075s] -- Configuring done (5.0s)
[5.079s] -- Generating done (0.0s)
[5.082s] -- Build files have been written to: /home/user/ros2_ws/build/my_cpp_pkg
[5.097s] Invoked command in '/home/user/ros2_ws/build/my_cpp_pkg' returned '0': CMAKE_PREFIX_PATH=${CMAKE_PREFIX_PATH}:/home/user/ros2_ws/install/my_py_pkg:/opt/ros/jazzy /usr/bin/cmake /home/user/ros2_ws/src/my_cpp_pkg -DCMAKE_INSTALL_PREFIX=/home/user/ros2_ws/install/my_cpp_pkg
[5.099s] Invoking command in '/home/user/ros2_ws/build/my_cpp_pkg': CMAKE_PREFIX_PATH=${CMAKE_PREFIX_PATH}:/home/user/ros2_ws/install/my_py_pkg:/opt/ros/jazzy /usr/bin/cmake --build /home/user/ros2_ws/build/my_cpp_pkg -- -j8 -l8
[5.131s] Invoked command in '/home/user/ros2_ws/build/my_cpp_pkg' returned '0': CMAKE_PREFIX_PATH=${CMAKE_PREFIX_PATH}:/home/user/ros2_ws/install/my_py_pkg:/opt/ros/jazzy /usr/bin/cmake --build /home/user/ros2_ws/build/my_cpp_pkg -- -j8 -l8
[5.142s] Invoking command in '/home/user/ros2_ws/build/my_cpp_pkg': CMAKE_PREFIX_PATH=${CMAKE_PREFIX_PATH}:/home/user/ros2_ws/install/my_py_pkg:/opt/ros/jazzy /usr/bin/cmake --install /home/user/ros2_ws/build/my_cpp_pkg
[5.148s] -- Install configuration: ""
[5.149s] -- Installing: /home/user/ros2_ws/install/my_cpp_pkg/share/ament_index/resource_index/package_run_dependencies/my_cpp_pkg
[5.149s] -- Installing: /home/user/ros2_ws/install/my_cpp_pkg/share/ament_index/resource_index/parent_prefix_path/my_cpp_pkg
[5.149s] -- Installing: /home/user/ros2_ws/install/my_cpp_pkg/share/my_cpp_pkg/environment/ament_prefix_path.sh
[5.150s] -- Installing: /home/user/ros2_ws/install/my_cpp_pkg/share/my_cpp_pkg/environment/ament_prefix_path.dsv
[5.150s] -- Installing: /home/user/ros2_ws/install/my_cpp_pkg/share/my_cpp_pkg/environment/path.sh
[5.150s] -- Installing: /home/user/ros2_ws/install/my_cpp_pkg/share/my_cpp_pkg/environment/path.dsv
[5.150s] -- Installing: /home/user/ros2_ws/install/my_cpp_pkg/share/my_cpp_pkg/local_setup.bash
[5.150s] -- Installing: /home/user/ros2_ws/install/my_cpp_pkg/share/my_cpp_pkg/local_setup.sh
[5.150s] -- Installing: /home/user/ros2_ws/install/my_cpp_pkg/share/my_cpp_pkg/local_setup.zsh
[5.150s] -- Installing: /home/user/ros2_ws/install/my_cpp_pkg/share/my_cpp_pkg/local_setup.dsv
[5.150s] -- Installing: /home/user/ros2_ws/install/my_cpp_pkg/share/my_cpp_pkg/package.dsv
[5.150s] -- Installing: /home/user/ros2_ws/install/my_cpp_pkg/share/ament_index/resource_index/packages/my_cpp_pkg
[5.151s] -- Installing: /home/user/ros2_ws/install/my_cpp_pkg/share/my_cpp_pkg/cmake/my_cpp_pkgConfig.cmake
[5.151s] -- Installing: /home/user/ros2_ws/install/my_cpp_pkg/share/my_cpp_pkg/cmake/my_cpp_pkgConfig-version.cmake
[5.151s] -- Installing: /home/user/ros2_ws/install/my_cpp_pkg/share/my_cpp_pkg/package.xml
[5.153s] Invoked command in '/home/user/ros2_ws/build/my_cpp_pkg' returned '0': CMAKE_PREFIX_PATH=${CMAKE_PREFIX_PATH}:/home/user/ros2_ws/install/my_py_pkg:/opt/ros/jazzy /usr/bin/cmake --install /home/user/ros2_ws/build/my_cpp_pkg
