[0.020s] Invoking command in '/home/user/ros2_ws/build/my_cpp_pkg': CMAKE_PREFIX_PATH=${CMAKE_PREFIX_PATH}:/home/user/ros2_ws/install/my_py_pkg:/opt/ros/jazzy /usr/bin/cmake /home/user/ros2_ws/src/my_cpp_pkg -DCMAKE_INSTALL_PREFIX=/home/user/ros2_ws/install/my_cpp_pkg
[0.651s] -- The C compiler identification is GNU 13.3.0
[2.089s] -- The CXX compiler identification is GNU 13.3.0
[3.285s] -- Detecting C compiler ABI info
[3.781s] -- Detecting C compiler ABI info - done
[3.788s] -- Check for working C compiler: /usr/bin/cc - skipped
[3.789s] -- Detecting C compile features
[3.790s] -- Detecting C compile features - done
[3.973s] -- Detecting CXX compiler ABI info
[4.464s] -- Detecting CXX compiler ABI info - done
[4.471s] -- Check for working CXX compiler: /usr/bin/c++ - skipped
[4.472s] -- Detecting CXX compile features
[4.472s] -- Detecting CXX compile features - done
[4.494s] -- Found ament_cmake: 2.5.4 (/opt/ros/jazzy/share/ament_cmake/cmake)
[4.637s] -- Found Python3: /usr/bin/python3 (found version "3.12.3") found components: Interpreter 
[4.930s] -- Found rclcpp: 28.1.11 (/opt/ros/jazzy/share/rclcpp/cmake)
[5.310s] -- Found rosidl_generator_c: 4.6.6 (/opt/ros/jazzy/share/rosidl_generator_c/cmake)
[5.331s] -- Found rosidl_generator_cpp: 4.6.6 (/opt/ros/jazzy/share/rosidl_generator_cpp/cmake)
[5.366s] -- Using all available rosidl_typesupport_c: rosidl_typesupport_fastrtps_c;rosidl_typesupport_introspection_c
[5.398s] -- Using all available rosidl_typesupport_cpp: rosidl_typesupport_fastrtps_cpp;rosidl_typesupport_introspection_cpp
[5.519s] -- Found rmw_implementation_cmake: 7.3.2 (/opt/ros/jazzy/share/rmw_implementation_cmake/cmake)
[5.526s] -- Found rmw_fastrtps_cpp: 8.4.3 (/opt/ros/jazzy/share/rmw_fastrtps_cpp/cmake)
[5.641s] -- Found OpenSSL: /usr/lib/x86_64-linux-gnu/libcrypto.so (found version "3.0.13")  
[5.979s] -- Found FastRTPS: /opt/ros/jazzy/include (Required is at least version "2.13") 
[6.181s] -- Using RMW implementation 'rmw_fastrtps_cpp' as default
[6.555s] -- Found example_interfaces: 0.12.0 (/opt/ros/jazzy/share/example_interfaces/cmake)
[6.735s] -- Configuring done (6.7s)
[6.758s] -- Generating done (0.0s)
[6.767s] -- Build files have been written to: /home/user/ros2_ws/build/my_cpp_pkg
[6.777s] Invoked command in '/home/user/ros2_ws/build/my_cpp_pkg' returned '0': CMAKE_PREFIX_PATH=${CMAKE_PREFIX_PATH}:/home/user/ros2_ws/install/my_py_pkg:/opt/ros/jazzy /usr/bin/cmake /home/user/ros2_ws/src/my_cpp_pkg -DCMAKE_INSTALL_PREFIX=/home/user/ros2_ws/install/my_cpp_pkg
[6.778s] Invoking command in '/home/user/ros2_ws/build/my_cpp_pkg': CMAKE_PREFIX_PATH=${CMAKE_PREFIX_PATH}:/home/user/ros2_ws/install/my_py_pkg:/opt/ros/jazzy /usr/bin/cmake --build /home/user/ros2_ws/build/my_cpp_pkg -- -j8 -l8
[6.829s] [ 50%] [32mBuilding CXX object CMakeFiles/cpp_node.dir/src/my_first_node.cpp.o[0m
[6.829s] [ 50%] [32mBuilding CXX object CMakeFiles/robot_news_station.dir/src/robot_news_station.cpp.o[0m
[12.063s] [ 75%] [32m[1mLinking CXX executable cpp_node[0m
[12.827s] [ 75%] Built target cpp_node
[14.503s] [100%] [32m[1mLinking CXX executable robot_news_station[0m
[15.247s] [100%] Built target robot_news_station
[15.262s] Invoked command in '/home/user/ros2_ws/build/my_cpp_pkg' returned '0': CMAKE_PREFIX_PATH=${CMAKE_PREFIX_PATH}:/home/user/ros2_ws/install/my_py_pkg:/opt/ros/jazzy /usr/bin/cmake --build /home/user/ros2_ws/build/my_cpp_pkg -- -j8 -l8
[15.285s] Invoking command in '/home/user/ros2_ws/build/my_cpp_pkg': CMAKE_PREFIX_PATH=${CMAKE_PREFIX_PATH}:/home/user/ros2_ws/install/my_py_pkg:/opt/ros/jazzy /usr/bin/cmake --install /home/user/ros2_ws/build/my_cpp_pkg
[15.300s] -- Install configuration: ""
[15.307s] -- Installing: /home/user/ros2_ws/install/my_cpp_pkg/lib/my_cpp_pkg/cpp_node
[15.308s] -- Set non-toolchain portion of runtime path of "/home/user/ros2_ws/install/my_cpp_pkg/lib/my_cpp_pkg/cpp_node" to ""
[15.308s] -- Installing: /home/user/ros2_ws/install/my_cpp_pkg/lib/my_cpp_pkg/robot_news_station
[15.310s] -- Set non-toolchain portion of runtime path of "/home/user/ros2_ws/install/my_cpp_pkg/lib/my_cpp_pkg/robot_news_station" to ""
[15.315s] -- Installing: /home/user/ros2_ws/install/my_cpp_pkg/share/ament_index/resource_index/package_run_dependencies/my_cpp_pkg
[15.316s] -- Installing: /home/user/ros2_ws/install/my_cpp_pkg/share/ament_index/resource_index/parent_prefix_path/my_cpp_pkg
[15.320s] -- Installing: /home/user/ros2_ws/install/my_cpp_pkg/share/my_cpp_pkg/environment/ament_prefix_path.sh
[15.321s] -- Installing: /home/user/ros2_ws/install/my_cpp_pkg/share/my_cpp_pkg/environment/ament_prefix_path.dsv
[15.321s] -- Installing: /home/user/ros2_ws/install/my_cpp_pkg/share/my_cpp_pkg/environment/path.sh
[15.321s] -- Installing: /home/user/ros2_ws/install/my_cpp_pkg/share/my_cpp_pkg/environment/path.dsv
[15.322s] -- Installing: /home/user/ros2_ws/install/my_cpp_pkg/share/my_cpp_pkg/local_setup.bash
[15.323s] -- Installing: /home/user/ros2_ws/install/my_cpp_pkg/share/my_cpp_pkg/local_setup.sh
[15.323s] -- Installing: /home/user/ros2_ws/install/my_cpp_pkg/share/my_cpp_pkg/local_setup.zsh
[15.323s] -- Installing: /home/user/ros2_ws/install/my_cpp_pkg/share/my_cpp_pkg/local_setup.dsv
[15.323s] -- Installing: /home/user/ros2_ws/install/my_cpp_pkg/share/my_cpp_pkg/package.dsv
[15.324s] -- Installing: /home/user/ros2_ws/install/my_cpp_pkg/share/ament_index/resource_index/packages/my_cpp_pkg
[15.324s] -- Installing: /home/user/ros2_ws/install/my_cpp_pkg/share/my_cpp_pkg/cmake/my_cpp_pkgConfig.cmake
[15.324s] -- Installing: /home/user/ros2_ws/install/my_cpp_pkg/share/my_cpp_pkg/cmake/my_cpp_pkgConfig-version.cmake
[15.325s] -- Installing: /home/user/ros2_ws/install/my_cpp_pkg/share/my_cpp_pkg/package.xml
[15.329s] Invoked command in '/home/user/ros2_ws/build/my_cpp_pkg' returned '0': CMAKE_PREFIX_PATH=${CMAKE_PREFIX_PATH}:/home/user/ros2_ws/install/my_py_pkg:/opt/ros/jazzy /usr/bin/cmake --install /home/user/ros2_ws/build/my_cpp_pkg
