[0.028s] Invoking command in '/home/user/ros2_ws/build/my_cpp_pkg': CMAKE_PREFIX_PATH=${CMAKE_PREFIX_PATH}:/home/user/ros2_ws/install/my_py_pkg:/opt/ros/jazzy /usr/bin/cmake --build /home/user/ros2_ws/build/my_cpp_pkg -- -j8 -l8
[0.067s] -- Found ament_cmake: 2.5.4 (/opt/ros/jazzy/share/ament_cmake/cmake)
[0.298s] -- Found rclcpp: 28.1.11 (/opt/ros/jazzy/share/rclcpp/cmake)
[0.618s] -- Found rosidl_generator_c: 4.6.6 (/opt/ros/jazzy/share/rosidl_generator_c/cmake)
[0.627s] -- Found rosidl_generator_cpp: 4.6.6 (/opt/ros/jazzy/share/rosidl_generator_cpp/cmake)
[0.637s] -- Using all available rosidl_typesupport_c: rosidl_typesupport_fastrtps_c;rosidl_typesupport_introspection_c
[0.648s] -- Using all available rosidl_typesupport_cpp: rosidl_typesupport_fastrtps_cpp;rosidl_typesupport_introspection_cpp
[0.718s] -- Found rmw_implementation_cmake: 7.3.2 (/opt/ros/jazzy/share/rmw_implementation_cmake/cmake)
[0.719s] -- Found rmw_fastrtps_cpp: 8.4.3 (/opt/ros/jazzy/share/rmw_fastrtps_cpp/cmake)
[1.111s] -- Using RMW implementation 'rmw_fastrtps_cpp' as default
[1.414s] -- Found example_interfaces: 0.12.0 (/opt/ros/jazzy/share/example_interfaces/cmake)
[1.587s] -- Configuring done (1.5s)
[1.630s] -- Generating done (0.0s)
[1.652s] -- Build files have been written to: /home/user/ros2_ws/build/my_cpp_pkg
[1.688s] [ 10%] [32mBuilding CXX object CMakeFiles/add_two_ints_client_no_oop.dir/src/add_two_ints_client_no_oop.cpp.o[0m
[1.710s] [ 30%] Built target cpp_node
[1.715s] [ 90%] Built target add_two_ints_server
[1.715s] [ 90%] Built target robot_news_station
[1.715s] [ 90%] Built target smartphone
[5.827s] [100%] [32m[1mLinking CXX executable add_two_ints_client_no_oop[0m
[6.219s] [100%] Built target add_two_ints_client_no_oop
[6.230s] Invoked command in '/home/user/ros2_ws/build/my_cpp_pkg' returned '0': CMAKE_PREFIX_PATH=${CMAKE_PREFIX_PATH}:/home/user/ros2_ws/install/my_py_pkg:/opt/ros/jazzy /usr/bin/cmake --build /home/user/ros2_ws/build/my_cpp_pkg -- -j8 -l8
[6.243s] Invoking command in '/home/user/ros2_ws/build/my_cpp_pkg': CMAKE_PREFIX_PATH=${CMAKE_PREFIX_PATH}:/home/user/ros2_ws/install/my_py_pkg:/opt/ros/jazzy /usr/bin/cmake --install /home/user/ros2_ws/build/my_cpp_pkg
[6.250s] -- Install configuration: ""
[6.251s] -- Up-to-date: /home/user/ros2_ws/install/my_cpp_pkg/lib/my_cpp_pkg/cpp_node
[6.251s] -- Up-to-date: /home/user/ros2_ws/install/my_cpp_pkg/lib/my_cpp_pkg/robot_news_station
[6.251s] -- Up-to-date: /home/user/ros2_ws/install/my_cpp_pkg/lib/my_cpp_pkg/smartphone
[6.252s] -- Up-to-date: /home/user/ros2_ws/install/my_cpp_pkg/lib/my_cpp_pkg/add_two_ints_server
[6.252s] -- Installing: /home/user/ros2_ws/install/my_cpp_pkg/lib/my_cpp_pkg/add_two_ints_client_no_oop
[6.253s] -- Set non-toolchain portion of runtime path of "/home/user/ros2_ws/install/my_cpp_pkg/lib/my_cpp_pkg/add_two_ints_client_no_oop" to ""
[6.253s] -- Up-to-date: /home/user/ros2_ws/install/my_cpp_pkg/share/ament_index/resource_index/package_run_dependencies/my_cpp_pkg
[6.253s] -- Up-to-date: /home/user/ros2_ws/install/my_cpp_pkg/share/ament_index/resource_index/parent_prefix_path/my_cpp_pkg
[6.253s] -- Up-to-date: /home/user/ros2_ws/install/my_cpp_pkg/share/my_cpp_pkg/environment/ament_prefix_path.sh
[6.253s] -- Up-to-date: /home/user/ros2_ws/install/my_cpp_pkg/share/my_cpp_pkg/environment/ament_prefix_path.dsv
[6.254s] -- Up-to-date: /home/user/ros2_ws/install/my_cpp_pkg/share/my_cpp_pkg/environment/path.sh
[6.254s] -- Up-to-date: /home/user/ros2_ws/install/my_cpp_pkg/share/my_cpp_pkg/environment/path.dsv
[6.254s] -- Up-to-date: /home/user/ros2_ws/install/my_cpp_pkg/share/my_cpp_pkg/local_setup.bash
[6.254s] -- Up-to-date: /home/user/ros2_ws/install/my_cpp_pkg/share/my_cpp_pkg/local_setup.sh
[6.254s] -- Up-to-date: /home/user/ros2_ws/install/my_cpp_pkg/share/my_cpp_pkg/local_setup.zsh
[6.254s] -- Up-to-date: /home/user/ros2_ws/install/my_cpp_pkg/share/my_cpp_pkg/local_setup.dsv
[6.254s] -- Installing: /home/user/ros2_ws/install/my_cpp_pkg/share/my_cpp_pkg/package.dsv
[6.254s] -- Up-to-date: /home/user/ros2_ws/install/my_cpp_pkg/share/ament_index/resource_index/packages/my_cpp_pkg
[6.254s] -- Up-to-date: /home/user/ros2_ws/install/my_cpp_pkg/share/my_cpp_pkg/cmake/my_cpp_pkgConfig.cmake
[6.255s] -- Up-to-date: /home/user/ros2_ws/install/my_cpp_pkg/share/my_cpp_pkg/cmake/my_cpp_pkgConfig-version.cmake
[6.255s] -- Up-to-date: /home/user/ros2_ws/install/my_cpp_pkg/share/my_cpp_pkg/package.xml
[6.256s] Invoked command in '/home/user/ros2_ws/build/my_cpp_pkg' returned '0': CMAKE_PREFIX_PATH=${CMAKE_PREFIX_PATH}:/home/user/ros2_ws/install/my_py_pkg:/opt/ros/jazzy /usr/bin/cmake --install /home/user/ros2_ws/build/my_cpp_pkg
