[1.206s] Invoking command in '/home/user/ros2_ws/build/my_py_pkg': PYTHONPATH=/home/user/ros2_ws/build/my_py_pkg/prefix_override:/usr/lib/python3/dist-packages/colcon_core/task/python/colcon_distutils_commands:/home/user/ros2_ws/install/my_py_pkg/lib/python3.12/site-packages:${PYTHONPATH} /usr/bin/python3 -W ignore:setup.py install is deprecated -W ignore:easy_install command is deprecated setup.py develop --uninstall --editable --build-directory /home/user/ros2_ws/build/my_py_pkg/build
[1.452s] running develop
[1.616s] Removing /home/user/ros2_ws/install/my_py_pkg/lib/python3.12/site-packages/my-py-pkg.egg-link (link to .)
[1.656s] Invoked command in '/home/user/ros2_ws/build/my_py_pkg' returned '0': PYTHONPATH=/home/user/ros2_ws/build/my_py_pkg/prefix_override:/usr/lib/python3/dist-packages/colcon_core/task/python/colcon_distutils_commands:/home/user/ros2_ws/install/my_py_pkg/lib/python3.12/site-packages:${PYTHONPATH} /usr/bin/python3 -W ignore:setup.py install is deprecated -W ignore:easy_install command is deprecated setup.py develop --uninstall --editable --build-directory /home/user/ros2_ws/build/my_py_pkg/build
[1.658s] Invoking command in '/home/user/ros2_ws/src/my_py_pkg': PYTHONPATH=/home/user/ros2_ws/build/my_py_pkg/prefix_override:/usr/lib/python3/dist-packages/colcon_core/task/python/colcon_distutils_commands:/home/user/ros2_ws/install/my_py_pkg/lib/python3.12/site-packages:${PYTHONPATH} /usr/bin/python3 -W ignore:setup.py install is deprecated -W ignore:easy_install command is deprecated setup.py egg_info --egg-base ../../build/my_py_pkg build --build-base /home/user/ros2_ws/build/my_py_pkg/build install --record /home/user/ros2_ws/build/my_py_pkg/install.log --single-version-externally-managed install_data --force
[1.902s] running egg_info
[1.917s] writing ../../build/my_py_pkg/my_py_pkg.egg-info/PKG-INFO
[1.917s] writing dependency_links to ../../build/my_py_pkg/my_py_pkg.egg-info/dependency_links.txt
[1.917s] writing entry points to ../../build/my_py_pkg/my_py_pkg.egg-info/entry_points.txt
[1.917s] writing requirements to ../../build/my_py_pkg/my_py_pkg.egg-info/requires.txt
[1.918s] writing top-level names to ../../build/my_py_pkg/my_py_pkg.egg-info/top_level.txt
[1.955s] reading manifest file '../../build/my_py_pkg/my_py_pkg.egg-info/SOURCES.txt'
[1.956s] writing manifest file '../../build/my_py_pkg/my_py_pkg.egg-info/SOURCES.txt'
[1.956s] running build
[1.956s] running build_py
[1.957s] creating /home/user/ros2_ws/build/my_py_pkg/build
[1.957s] creating /home/user/ros2_ws/build/my_py_pkg/build/lib
[1.958s] creating /home/user/ros2_ws/build/my_py_pkg/build/lib/my_py_pkg
[1.959s] copying my_py_pkg/number_publish.py -> /home/user/ros2_ws/build/my_py_pkg/build/lib/my_py_pkg
[1.959s] copying my_py_pkg/my_first_node.py -> /home/user/ros2_ws/build/my_py_pkg/build/lib/my_py_pkg
[1.959s] copying my_py_pkg/smartphone.py -> /home/user/ros2_ws/build/my_py_pkg/build/lib/my_py_pkg
[1.959s] copying my_py_pkg/template_python_node.py -> /home/user/ros2_ws/build/my_py_pkg/build/lib/my_py_pkg
[1.959s] copying my_py_pkg/robot_news_station.py -> /home/user/ros2_ws/build/my_py_pkg/build/lib/my_py_pkg
[1.959s] copying my_py_pkg/number_counter.py -> /home/user/ros2_ws/build/my_py_pkg/build/lib/my_py_pkg
[1.960s] copying my_py_pkg/__init__.py -> /home/user/ros2_ws/build/my_py_pkg/build/lib/my_py_pkg
[1.960s] running install
[1.965s] running install_lib
[1.981s] creating /home/user/ros2_ws/install/my_py_pkg/lib/python3.12/site-packages/my_py_pkg
[1.982s] copying /home/user/ros2_ws/build/my_py_pkg/build/lib/my_py_pkg/number_publish.py -> /home/user/ros2_ws/install/my_py_pkg/lib/python3.12/site-packages/my_py_pkg
[1.982s] copying /home/user/ros2_ws/build/my_py_pkg/build/lib/my_py_pkg/my_first_node.py -> /home/user/ros2_ws/install/my_py_pkg/lib/python3.12/site-packages/my_py_pkg
[1.983s] copying /home/user/ros2_ws/build/my_py_pkg/build/lib/my_py_pkg/smartphone.py -> /home/user/ros2_ws/install/my_py_pkg/lib/python3.12/site-packages/my_py_pkg
[1.983s] copying /home/user/ros2_ws/build/my_py_pkg/build/lib/my_py_pkg/template_python_node.py -> /home/user/ros2_ws/install/my_py_pkg/lib/python3.12/site-packages/my_py_pkg
[1.983s] copying /home/user/ros2_ws/build/my_py_pkg/build/lib/my_py_pkg/robot_news_station.py -> /home/user/ros2_ws/install/my_py_pkg/lib/python3.12/site-packages/my_py_pkg
[1.983s] copying /home/user/ros2_ws/build/my_py_pkg/build/lib/my_py_pkg/number_counter.py -> /home/user/ros2_ws/install/my_py_pkg/lib/python3.12/site-packages/my_py_pkg
[1.983s] copying /home/user/ros2_ws/build/my_py_pkg/build/lib/my_py_pkg/__init__.py -> /home/user/ros2_ws/install/my_py_pkg/lib/python3.12/site-packages/my_py_pkg
[1.984s] byte-compiling /home/user/ros2_ws/install/my_py_pkg/lib/python3.12/site-packages/my_py_pkg/number_publish.py to number_publish.cpython-312.pyc
[1.988s] byte-compiling /home/user/ros2_ws/install/my_py_pkg/lib/python3.12/site-packages/my_py_pkg/my_first_node.py to my_first_node.cpython-312.pyc
[1.988s] byte-compiling /home/user/ros2_ws/install/my_py_pkg/lib/python3.12/site-packages/my_py_pkg/smartphone.py to smartphone.cpython-312.pyc
[1.989s] byte-compiling /home/user/ros2_ws/install/my_py_pkg/lib/python3.12/site-packages/my_py_pkg/template_python_node.py to template_python_node.cpython-312.pyc
[1.990s] byte-compiling /home/user/ros2_ws/install/my_py_pkg/lib/python3.12/site-packages/my_py_pkg/robot_news_station.py to robot_news_station.cpython-312.pyc
[1.991s] byte-compiling /home/user/ros2_ws/install/my_py_pkg/lib/python3.12/site-packages/my_py_pkg/number_counter.py to number_counter.cpython-312.pyc
[1.991s] byte-compiling /home/user/ros2_ws/install/my_py_pkg/lib/python3.12/site-packages/my_py_pkg/__init__.py to __init__.cpython-312.pyc
[1.992s] running install_data
[1.992s] copying resource/my_py_pkg -> /home/user/ros2_ws/install/my_py_pkg/share/ament_index/resource_index/packages
[1.992s] copying package.xml -> /home/user/ros2_ws/install/my_py_pkg/share/my_py_pkg
[1.992s] running install_egg_info
[2.011s] Copying ../../build/my_py_pkg/my_py_pkg.egg-info to /home/user/ros2_ws/install/my_py_pkg/lib/python3.12/site-packages/my_py_pkg-0.0.0-py3.12.egg-info
[2.014s] running install_scripts
[2.117s] Installing number_counter script to /home/user/ros2_ws/install/my_py_pkg/lib/my_py_pkg
[2.118s] Installing number_publisher script to /home/user/ros2_ws/install/my_py_pkg/lib/my_py_pkg
[2.118s] Installing py_node script to /home/user/ros2_ws/install/my_py_pkg/lib/my_py_pkg
[2.118s] Installing robot_news_station script to /home/user/ros2_ws/install/my_py_pkg/lib/my_py_pkg
[2.118s] Installing smartphone script to /home/user/ros2_ws/install/my_py_pkg/lib/my_py_pkg
[2.118s] writing list of installed files to '/home/user/ros2_ws/build/my_py_pkg/install.log'
[2.166s] Invoked command in '/home/user/ros2_ws/src/my_py_pkg' returned '0': PYTHONPATH=/home/user/ros2_ws/build/my_py_pkg/prefix_override:/usr/lib/python3/dist-packages/colcon_core/task/python/colcon_distutils_commands:/home/user/ros2_ws/install/my_py_pkg/lib/python3.12/site-packages:${PYTHONPATH} /usr/bin/python3 -W ignore:setup.py install is deprecated -W ignore:easy_install command is deprecated setup.py egg_info --egg-base ../../build/my_py_pkg build --build-base /home/user/ros2_ws/build/my_py_pkg/build install --record /home/user/ros2_ws/build/my_py_pkg/install.log --single-version-externally-managed install_data --force
